Arguments: 
  /usr/local/Cellar/node/13.5.0/bin/node /usr/local/Cellar/yarn/1.21.1/libexec/bin/yarn.js

PATH: 
  /usr/local/bin:/usr/bin:/bin:/usr/sbin:/sbin:/Users/ivan.iavorin/Library/Android/sdk/emulator:/Users/ivan.iavorin/Library/Android/sdk/tools:/Users/ivan.iavorin/Library/Android/sdk/tools/bin:/Users/ivan.iavorin/Library/Android/sdk/platform-tools:/Users/ivan.iavorin/Library/Android/sdk/emulator:/Users/ivan.iavorin/Library/Android/sdk/tools:/Users/ivan.iavorin/Library/Android/sdk/tools/bin:/Users/ivan.iavorin/Library/Android/sdk/platform-tools

Yarn version: 
  1.21.1

Node version: 
  13.5.0

Platform: 
  darwin x64

Trace: 
  Error: unable to get local issuer certificate
      at TLSSocket.onConnectSecure (_tls_wrap.js:1364:34)
      at TLSSocket.emit (events.js:305:20)
      at TLSSocket._finishInit (_tls_wrap.js:825:8)
      at TLSWrap.ssl.onhandshakedone (_tls_wrap.js:621:12)

npm manifest: 
  {
    "name": "RN_Universal",
    "version": "0.0.1",
    "private": true,
    "workspaces": {
      "packages": [
        "packages/*"
      ]
    },
    "scripts": {
      "postinstall": "patch-package",
      "android": "yarn workspace mobile android",
      "compile": "tsc -b --incremental",
      "ios": "yarn workspace mobile  ios",
      "studio": "yarn workspace mobile studio",
      "xcode": "yarn workspace mobile xcode",
      "web": "yarn workspace web start"
    },
    "dependencies": {
      "@react-native-community/masked-view": "^0.1.5",
      "@react-navigation/bottom-tabs": "^5.0.0-alpha.29",
      "@react-navigation/core": "^5.0.0-alpha.25",
      "@react-navigation/native": "^5.0.0-alpha.14",
      "@react-navigation/stack": "^5.0.0-alpha.48",
      "@types/react-native-svg-charts": "^5.0.3",
      "react-native": "0.61.5",
      "react-native-gesture-handler": "^1.5.3",
      "react-native-reanimated": "^1.4.0",
      "react-native-safe-area-context": "^0.6.2",
      "react-native-screens": "^2.0.0-alpha.22",
      "react-native-svg": "^10.0.0",
      "react-native-svg-charts": "^5.3.0",
      "react-router-dom": "^5.1.2"
    },
    "devDependencies": {
      "@types/react": "^16.9.17",
      "@types/react-native": "^0.60.26",
      "@types/react-router-dom": "^5.1.3",
      "concurrently": "^5.0.2",
      "patch-package": "^6.2.0",
      "typescript": "^3.7.4"
    }
  }

yarn manifest: 
  No manifest

Lockfile: 
  No lockfile
